<?xml version="1.0" encoding="UTF-8"?>
<!-- Generated by org.testng.reporters.JUnitXMLReporter -->
<testsuite ignored="6" hostname="Jane_R" failures="0" tests="1" name="Default test" time="2.621" errors="0" timestamp="2023-08-02T02:02:13 EDT">
  <testcase classname="com.example.webdriverTests.ResumeAcceptanceTests" name="testSkillsTab" time="0.407"/>
  <testcase classname="com.example.webdriverTests.ResumeAcceptanceTests" name="testRedirectToLinkedIn" time="0.0">
    <ignored/>
  </testcase> <!-- testRedirectToLinkedIn -->
  <testcase classname="com.example.webdriverTests.ResumeAcceptanceTests" name="testSubmitMesasge" time="0.0">
    <ignored/>
  </testcase> <!-- testSubmitMesasge -->
  <testcase classname="com.example.webdriverTests.ResumeAcceptanceTests" name="testDownloadResume" time="0.0">
    <ignored/>
  </testcase> <!-- testDownloadResume -->
  <testcase classname="com.example.webdriverTests.ResumeAcceptanceTests" name="testScrollToTheTop" time="0.0">
    <ignored/>
  </testcase> <!-- testScrollToTheTop -->
  <testcase classname="com.example.webdriverTests.ResumeAcceptanceTests" name="testSubmitContactInformation" time="0.0">
    <ignored/>
  </testcase> <!-- testSubmitContactInformation -->
  <testcase classname="com.example.webdriverTests.ResumeAcceptanceTests" name="testRedirectToCompanyLink" time="0.0">
    <ignored/>
  </testcase> <!-- testRedirectToCompanyLink -->
</testsuite> <!-- Default test -->
