<?xml version="1.0" encoding="UTF-8"?>
<!-- Generated by org.testng.reporters.JUnitXMLReporter -->
<testsuite ignored="0" hostname="Jane_R" failures="1" tests="7" name="Test" time="77.288" errors="0" timestamp="2023-08-02T07:17:50 EDT">
  <testcase classname="com.example.webdriverTests.ResumeAcceptanceTests" name="testDownloadResume" time="3.458"/>
  <testcase classname="com.example.webdriverTests.ResumeAcceptanceTests" name="testRedirectToCompanyLink" time="19.127"/>
  <testcase classname="com.example.webdriverTests.ResumeAcceptanceTests" name="testRedirectToLinkedIn" time="2.677">
    <failure type="java.lang.AssertionError" message="Link URL does not match the lINKEDIN URL.Redirect to Linkedin was not successful expected [true] but found [false]">
      <![CDATA[java.lang.AssertionError: Link URL does not match the lINKEDIN URL.Redirect to Linkedin was not successful expected [true] but found [false]
at com.example.pageObjects.ResumeTestPageObjects.testRedirectToLinkedIn(ResumeTestPageObjects.java:405)
at com.example.pageObjects.ResumeTestPageObjects.testLinkedInRedirect(ResumeTestPageObjects.java:389)
at com.example.webdriverTests.ResumeAcceptanceTests.testRedirectToLinkedIn(ResumeAcceptanceTests.java:96)
at java.base/java.util.ArrayList.forEach(ArrayList.java:1541)
... Removed 30 stack frames]]>
    </failure>
  </testcase> <!-- testRedirectToLinkedIn -->
  <testcase classname="com.example.webdriverTests.ResumeAcceptanceTests" name="testScrollToTheTop" time="3.234"/>
  <testcase classname="com.example.webdriverTests.ResumeAcceptanceTests" name="testSkillsTab" time="0.812"/>
  <testcase classname="com.example.webdriverTests.ResumeAcceptanceTests" name="testSubmitContactInformation" time="25.139"/>
  <testcase classname="com.example.webdriverTests.ResumeAcceptanceTests" name="testSubmitMesasge" time="4.267"/>
</testsuite> <!-- Test -->
