<?xml version="1.0" encoding="UTF-8"?>
<!-- Generated by org.testng.reporters.JUnitXMLReporter -->
<testsuite ignored="0" hostname="Jane_R" failures="0" tests="7" name="Test" time="64.529" errors="0" timestamp="2023-08-01T13:46:01 EDT">
  <testcase classname="com.example.webdriverTests.ResumeAcceptanceTests" name="testDownloadResume" time="3.295"/>
  <testcase classname="com.example.webdriverTests.ResumeAcceptanceTests" name="testRedirectToCompanyLink" time="7.213"/>
  <testcase classname="com.example.webdriverTests.ResumeAcceptanceTests" name="testRedirectToLinkedIn" time="2.487"/>
  <testcase classname="com.example.webdriverTests.ResumeAcceptanceTests" name="testScrollToTheTop" time="3.38"/>
  <testcase classname="com.example.webdriverTests.ResumeAcceptanceTests" name="testSkillsTab" time="0.439"/>
  <testcase classname="com.example.webdriverTests.ResumeAcceptanceTests" name="testSubmitContactInformation" time="25.508"/>
  <testcase classname="com.example.webdriverTests.ResumeAcceptanceTests" name="testSubmitMesasge" time="6.119"/>
</testsuite> <!-- Test -->
