<?xml version="1.0" encoding="UTF-8"?>
<!-- Generated by org.testng.reporters.JUnitXMLReporter -->
<testsuite ignored="0" hostname="Jane_R" failures="0" tests="7" name="Test" time="81.829" errors="0" timestamp="2023-08-02T07:38:43 EDT">
  <testcase classname="com.example.webdriverTests.ResumeAcceptanceTests" name="testDownloadResume" time="3.888"/>
  <testcase classname="com.example.webdriverTests.ResumeAcceptanceTests" name="testRedirectToCompanyLink" time="14.838"/>
  <testcase classname="com.example.webdriverTests.ResumeAcceptanceTests" name="testRedirectToLinkedIn" time="2.746"/>
  <testcase classname="com.example.webdriverTests.ResumeAcceptanceTests" name="testScrollToTheTop" time="3.316"/>
  <testcase classname="com.example.webdriverTests.ResumeAcceptanceTests" name="testSkillsTab" time="0.701"/>
  <testcase classname="com.example.webdriverTests.ResumeAcceptanceTests" name="testSubmitContactInformation" time="26.794"/>
  <testcase classname="com.example.webdriverTests.ResumeAcceptanceTests" name="testSubmitMesasge" time="5.002"/>
</testsuite> <!-- Test -->
