<?xml version="1.0" encoding="UTF-8"?>
<testng-results ignored="0" total="7" passed="7" failed="0" skipped="0">
  <reporter-output>
  </reporter-output>
  <suite started-at="2023-08-02T02:09:28 EDT" name="Suite" finished-at="2023-08-02T02:10:36 EDT" duration-ms="68514">
    <groups>
    </groups>
    <test started-at="2023-08-02T02:09:28 EDT" name="Test" finished-at="2023-08-02T02:10:36 EDT" duration-ms="68514">
      <class name="com.example.webdriverTests.ResumeAcceptanceTests">
        <test-method is-config="true" signature="setUp()[pri:0, instance:com.example.webdriverTests.ResumeAcceptanceTests@39109603]" started-at="2023-08-02T02:09:28 EDT" name="setUp" finished-at="2023-08-02T02:09:28 EDT" duration-ms="57" status="PASS">
          <reporter-output>
          </reporter-output>
        </test-method> <!-- setUp -->
        <test-method is-config="true" signature="setUpBrowser()[pri:0, instance:com.example.webdriverTests.ResumeAcceptanceTests@39109603]" started-at="2023-08-02T02:09:28 EDT" name="setUpBrowser" finished-at="2023-08-02T02:09:30 EDT" duration-ms="2613" status="PASS">
          <reporter-output>
          </reporter-output>
        </test-method> <!-- setUpBrowser -->
        <test-method signature="testDownloadResume()[pri:0, instance:com.example.webdriverTests.ResumeAcceptanceTests@39109603]" started-at="2023-08-02T02:09:30 EDT" name="testDownloadResume" finished-at="2023-08-02T02:09:34 EDT" duration-ms="3324" status="PASS">
          <reporter-output>
          </reporter-output>
        </test-method> <!-- testDownloadResume -->
        <test-method is-config="true" signature="tearDown()[pri:0, instance:com.example.webdriverTests.ResumeAcceptanceTests@39109603]" started-at="2023-08-02T02:09:34 EDT" name="tearDown" finished-at="2023-08-02T02:09:34 EDT" duration-ms="244" status="PASS">
          <reporter-output>
          </reporter-output>
        </test-method> <!-- tearDown -->
        <test-method is-config="true" signature="setUpBrowser()[pri:0, instance:com.example.webdriverTests.ResumeAcceptanceTests@39109603]" started-at="2023-08-02T02:09:34 EDT" name="setUpBrowser" finished-at="2023-08-02T02:09:36 EDT" duration-ms="1840" status="PASS">
          <reporter-output>
          </reporter-output>
        </test-method> <!-- setUpBrowser -->
        <test-method signature="testRedirectToCompanyLink()[pri:0, instance:com.example.webdriverTests.ResumeAcceptanceTests@39109603]" started-at="2023-08-02T02:09:36 EDT" name="testRedirectToCompanyLink" finished-at="2023-08-02T02:09:50 EDT" duration-ms="14531" status="PASS">
          <reporter-output>
          </reporter-output>
        </test-method> <!-- testRedirectToCompanyLink -->
        <test-method is-config="true" signature="tearDown()[pri:0, instance:com.example.webdriverTests.ResumeAcceptanceTests@39109603]" started-at="2023-08-02T02:09:50 EDT" name="tearDown" finished-at="2023-08-02T02:09:51 EDT" duration-ms="294" status="PASS">
          <reporter-output>
          </reporter-output>
        </test-method> <!-- tearDown -->
        <test-method is-config="true" signature="setUpBrowser()[pri:0, instance:com.example.webdriverTests.ResumeAcceptanceTests@39109603]" started-at="2023-08-02T02:09:51 EDT" name="setUpBrowser" finished-at="2023-08-02T02:09:52 EDT" duration-ms="1675" status="PASS">
          <reporter-output>
          </reporter-output>
        </test-method> <!-- setUpBrowser -->
        <test-method signature="testRedirectToLinkedIn()[pri:0, instance:com.example.webdriverTests.ResumeAcceptanceTests@39109603]" started-at="2023-08-02T02:09:52 EDT" name="testRedirectToLinkedIn" finished-at="2023-08-02T02:09:55 EDT" duration-ms="2633" status="PASS">
          <reporter-output>
          </reporter-output>
        </test-method> <!-- testRedirectToLinkedIn -->
        <test-method is-config="true" signature="tearDown()[pri:0, instance:com.example.webdriverTests.ResumeAcceptanceTests@39109603]" started-at="2023-08-02T02:09:55 EDT" name="tearDown" finished-at="2023-08-02T02:09:55 EDT" duration-ms="171" status="PASS">
          <reporter-output>
          </reporter-output>
        </test-method> <!-- tearDown -->
        <test-method is-config="true" signature="setUpBrowser()[pri:0, instance:com.example.webdriverTests.ResumeAcceptanceTests@39109603]" started-at="2023-08-02T02:09:55 EDT" name="setUpBrowser" finished-at="2023-08-02T02:09:57 EDT" duration-ms="1686" status="PASS">
          <reporter-output>
          </reporter-output>
        </test-method> <!-- setUpBrowser -->
        <test-method signature="testScrollToTheTop()[pri:0, instance:com.example.webdriverTests.ResumeAcceptanceTests@39109603]" started-at="2023-08-02T02:09:57 EDT" name="testScrollToTheTop" finished-at="2023-08-02T02:10:00 EDT" duration-ms="3221" status="PASS">
          <reporter-output>
          </reporter-output>
        </test-method> <!-- testScrollToTheTop -->
        <test-method is-config="true" signature="tearDown()[pri:0, instance:com.example.webdriverTests.ResumeAcceptanceTests@39109603]" started-at="2023-08-02T02:10:00 EDT" name="tearDown" finished-at="2023-08-02T02:10:00 EDT" duration-ms="190" status="PASS">
          <reporter-output>
          </reporter-output>
        </test-method> <!-- tearDown -->
        <test-method is-config="true" signature="setUpBrowser()[pri:0, instance:com.example.webdriverTests.ResumeAcceptanceTests@39109603]" started-at="2023-08-02T02:10:00 EDT" name="setUpBrowser" finished-at="2023-08-02T02:10:02 EDT" duration-ms="1572" status="PASS">
          <reporter-output>
          </reporter-output>
        </test-method> <!-- setUpBrowser -->
        <test-method signature="testSkillsTab()[pri:0, instance:com.example.webdriverTests.ResumeAcceptanceTests@39109603]" started-at="2023-08-02T02:10:02 EDT" name="testSkillsTab" finished-at="2023-08-02T02:10:02 EDT" duration-ms="321" status="PASS">
          <reporter-output>
          </reporter-output>
        </test-method> <!-- testSkillsTab -->
        <test-method is-config="true" signature="tearDown()[pri:0, instance:com.example.webdriverTests.ResumeAcceptanceTests@39109603]" started-at="2023-08-02T02:10:02 EDT" name="tearDown" finished-at="2023-08-02T02:10:02 EDT" duration-ms="131" status="PASS">
          <reporter-output>
          </reporter-output>
        </test-method> <!-- tearDown -->
        <test-method is-config="true" signature="setUpBrowser()[pri:0, instance:com.example.webdriverTests.ResumeAcceptanceTests@39109603]" started-at="2023-08-02T02:10:02 EDT" name="setUpBrowser" finished-at="2023-08-02T02:10:04 EDT" duration-ms="1517" status="PASS">
          <reporter-output>
          </reporter-output>
        </test-method> <!-- setUpBrowser -->
        <test-method signature="testSubmitContactInformation()[pri:0, instance:com.example.webdriverTests.ResumeAcceptanceTests@39109603]" started-at="2023-08-02T02:10:04 EDT" name="testSubmitContactInformation" finished-at="2023-08-02T02:10:30 EDT" duration-ms="26042" status="PASS">
          <reporter-output>
          </reporter-output>
        </test-method> <!-- testSubmitContactInformation -->
        <test-method is-config="true" signature="tearDown()[pri:0, instance:com.example.webdriverTests.ResumeAcceptanceTests@39109603]" started-at="2023-08-02T02:10:30 EDT" name="tearDown" finished-at="2023-08-02T02:10:30 EDT" duration-ms="289" status="PASS">
          <reporter-output>
          </reporter-output>
        </test-method> <!-- tearDown -->
        <test-method is-config="true" signature="setUpBrowser()[pri:0, instance:com.example.webdriverTests.ResumeAcceptanceTests@39109603]" started-at="2023-08-02T02:10:30 EDT" name="setUpBrowser" finished-at="2023-08-02T02:10:32 EDT" duration-ms="1582" status="PASS">
          <reporter-output>
          </reporter-output>
        </test-method> <!-- setUpBrowser -->
        <test-method signature="testSubmitMesasge()[pri:0, instance:com.example.webdriverTests.ResumeAcceptanceTests@39109603]" started-at="2023-08-02T02:10:32 EDT" name="testSubmitMesasge" finished-at="2023-08-02T02:10:36 EDT" duration-ms="4363" status="PASS">
          <reporter-output>
          </reporter-output>
        </test-method> <!-- testSubmitMesasge -->
        <test-method is-config="true" signature="tearDown()[pri:0, instance:com.example.webdriverTests.ResumeAcceptanceTests@39109603]" started-at="2023-08-02T02:10:36 EDT" name="tearDown" finished-at="2023-08-02T02:10:36 EDT" duration-ms="212" status="PASS">
          <reporter-output>
          </reporter-output>
        </test-method> <!-- tearDown -->
      </class> <!-- com.example.webdriverTests.ResumeAcceptanceTests -->
    </test> <!-- Test -->
  </suite> <!-- Suite -->
</testng-results>
