<?xml version="1.0" encoding="UTF-8"?>
<testsuite xmlns:xsi="http://www.w3.org/2001/XMLSchema-instance" xsi:noNamespaceSchemaLocation="https://maven.apache.org/surefire/maven-surefire-plugin/xsd/surefire-test-report-3.0.xsd" version="3.0" name="TestSuite" time="88.429" tests="7" errors="0" skipped="0" failures="0">
  <properties>
[...]
</properties>
  <testcase name="testDownloadResume" classname="com.example.webdriverTests.ResumeAcceptanceTests" time="3.384">
    <system-out><![CDATA[[INFO ] 2023-08-02 11:45:09,947 com.example.testUtils.BaseTestNGWebDriver:33 - Beginning test execution!
[INFO ] 2023-08-02 11:45:09,982 com.example.webdriverTests.ResumeAcceptanceTests:31 - Get the browser preference from the TestConfig.properties 
[INFO ] 2023-08-02 11:45:09,983 com.example.testUtils.BaseTestNGWebDriver:77 - Browser preference: chrome
[INFO ] 2023-08-02 11:45:11,980 com.example.webdriverTests.ResumeAcceptanceTests:37 - Navigate to the Resume webpage
[INFO ] 2023-08-02 11:45:12,652 com.example.webdriverTests.ResumeAcceptanceTests:41 - Get the System/device/browser information along with date and time of automation run
[INFO ] 2023-08-02 11:45:12,665 com.example.testUtils.BaseTestNGWebDriver:50 - OS: windows, Browser: chrome Browser version 115.0.5790.110
[INFO ] 2023-08-02 11:45:12,665 com.example.testUtils.BaseTestNGWebDriver:53 - Device Type: Desktop/Laptop
[INFO ] 2023-08-02 11:45:12,666 com.example.testUtils.BaseTestNGWebDriver:63 - Date and Time of Run: 2023-08-02 11:45:12
testDownloadResume test case started
[INFO ] 2023-08-02 11:45:12,670 com.example.webdriverTests.ResumeAcceptanceTests:56 - This test will navigate to the contact tab, verify if all contact details are present, and will click on the download resume to download Resume.docx and will verify if the file got downloaded successfully.
File found in the download directory: C:\Users\janer\Downloads\Resume (1).docx
]]></system-out>
    <system-err><![CDATA[SLF4J: No SLF4J providers were found.
SLF4J: Defaulting to no-operation (NOP) logger implementation
SLF4J: See https://www.slf4j.org/codes.html#noProviders for further details.
Aug 02, 2023 11:45:10 AM org.openqa.selenium.remote.service.DriverService$Builder getLogOutput
INFO: Driver logs no longer sent to console by default; https://www.selenium.dev/documentation/webdriver/drivers/service/#setting-log-output
Aug 02, 2023 11:45:11 AM org.openqa.selenium.devtools.CdpVersionFinder findNearestMatch
WARNING: Unable to find an exact match for CDP version 115, so returning the closest version found: 114
]]></system-err>
  </testcase>
  <testcase name="testRedirectToCompanyLink" classname="com.example.webdriverTests.ResumeAcceptanceTests" time="34.556">
    <system-out><![CDATA[The name of the testcase passed is :testDownloadResume
[INFO ] 2023-08-02 11:45:16,254 com.example.webdriverTests.ResumeAcceptanceTests:31 - Get the browser preference from the TestConfig.properties 
[INFO ] 2023-08-02 11:45:16,255 com.example.testUtils.BaseTestNGWebDriver:77 - Browser preference: chrome
[INFO ] 2023-08-02 11:45:17,280 com.example.webdriverTests.ResumeAcceptanceTests:37 - Navigate to the Resume webpage
[INFO ] 2023-08-02 11:45:17,982 com.example.webdriverTests.ResumeAcceptanceTests:41 - Get the System/device/browser information along with date and time of automation run
[INFO ] 2023-08-02 11:45:17,982 com.example.testUtils.BaseTestNGWebDriver:50 - OS: windows, Browser: chrome Browser version 115.0.5790.110
[INFO ] 2023-08-02 11:45:17,982 com.example.testUtils.BaseTestNGWebDriver:53 - Device Type: Desktop/Laptop
[INFO ] 2023-08-02 11:45:17,983 com.example.testUtils.BaseTestNGWebDriver:63 - Date and Time of Run: 2023-08-02 11:45:17
testRedirectToCompanyLink test case started
[INFO ] 2023-08-02 11:45:17,983 com.example.webdriverTests.ResumeAcceptanceTests:73 - This test will go to the company name given under work experiences section and will verify if clicking on the company names redirects to company websites.Upon successful validation, it again redirects to the main resume website page
]]></system-out>
    <system-err><![CDATA[Aug 02, 2023 11:45:16 AM org.openqa.selenium.remote.service.DriverService$Builder getLogOutput
INFO: Driver logs no longer sent to console by default; https://www.selenium.dev/documentation/webdriver/drivers/service/#setting-log-output
Aug 02, 2023 11:45:17 AM org.openqa.selenium.devtools.CdpVersionFinder findNearestMatch
WARNING: Unable to find an exact match for CDP version 115, so returning the closest version found: 114
]]></system-err>
  </testcase>
  <testcase name="testRedirectToLinkedIn" classname="com.example.webdriverTests.ResumeAcceptanceTests" time="2.419">
    <system-out><![CDATA[The name of the testcase passed is :testRedirectToCompanyLink
[INFO ] 2023-08-02 11:45:52,729 com.example.webdriverTests.ResumeAcceptanceTests:31 - Get the browser preference from the TestConfig.properties 
[INFO ] 2023-08-02 11:45:52,730 com.example.testUtils.BaseTestNGWebDriver:77 - Browser preference: chrome
[INFO ] 2023-08-02 11:45:53,694 com.example.webdriverTests.ResumeAcceptanceTests:37 - Navigate to the Resume webpage
[INFO ] 2023-08-02 11:45:55,245 com.example.webdriverTests.ResumeAcceptanceTests:41 - Get the System/device/browser information along with date and time of automation run
[INFO ] 2023-08-02 11:45:55,245 com.example.testUtils.BaseTestNGWebDriver:50 - OS: windows, Browser: chrome Browser version 115.0.5790.110
[INFO ] 2023-08-02 11:45:55,245 com.example.testUtils.BaseTestNGWebDriver:53 - Device Type: Desktop/Laptop
[INFO ] 2023-08-02 11:45:55,246 com.example.testUtils.BaseTestNGWebDriver:63 - Date and Time of Run: 2023-08-02 11:45:55
testRedirectToLinkedIn test case started
[INFO ] 2023-08-02 11:45:55,247 com.example.webdriverTests.ResumeAcceptanceTests:92 - This test will go to the contacts tab, look for the presence of linkedin url which if present will click and test that redirect to linkedIn was successful.Upon successful validation, it again redirects to the main resume website page.
]]></system-out>
    <system-err><![CDATA[Aug 02, 2023 11:45:52 AM org.openqa.selenium.remote.service.DriverService$Builder getLogOutput
INFO: Driver logs no longer sent to console by default; https://www.selenium.dev/documentation/webdriver/drivers/service/#setting-log-output
Aug 02, 2023 11:45:53 AM org.openqa.selenium.devtools.CdpVersionFinder findNearestMatch
WARNING: Unable to find an exact match for CDP version 115, so returning the closest version found: 114
]]></system-err>
  </testcase>
  <testcase name="testScrollToTheTop" classname="com.example.webdriverTests.ResumeAcceptanceTests" time="3.203">
    <system-out><![CDATA[The name of the testcase passed is :testRedirectToLinkedIn
[INFO ] 2023-08-02 11:45:57,776 com.example.webdriverTests.ResumeAcceptanceTests:31 - Get the browser preference from the TestConfig.properties 
[INFO ] 2023-08-02 11:45:57,776 com.example.testUtils.BaseTestNGWebDriver:77 - Browser preference: chrome
[INFO ] 2023-08-02 11:45:58,608 com.example.webdriverTests.ResumeAcceptanceTests:37 - Navigate to the Resume webpage
[INFO ] 2023-08-02 11:45:59,143 com.example.webdriverTests.ResumeAcceptanceTests:41 - Get the System/device/browser information along with date and time of automation run
[INFO ] 2023-08-02 11:45:59,143 com.example.testUtils.BaseTestNGWebDriver:50 - OS: windows, Browser: chrome Browser version 115.0.5790.110
[INFO ] 2023-08-02 11:45:59,143 com.example.testUtils.BaseTestNGWebDriver:53 - Device Type: Desktop/Laptop
[INFO ] 2023-08-02 11:45:59,144 com.example.testUtils.BaseTestNGWebDriver:63 - Date and Time of Run: 2023-08-02 11:45:59
testScrollToTheTop test case started
[INFO ] 2023-08-02 11:45:59,144 com.example.webdriverTests.ResumeAcceptanceTests:184 - Verify that clicking on 'Scroll to the top button' takes user to the top of the webpage
]]></system-out>
    <system-err><![CDATA[Aug 02, 2023 11:45:57 AM org.openqa.selenium.remote.service.DriverService$Builder getLogOutput
INFO: Driver logs no longer sent to console by default; https://www.selenium.dev/documentation/webdriver/drivers/service/#setting-log-output
Aug 02, 2023 11:45:58 AM org.openqa.selenium.devtools.CdpVersionFinder findNearestMatch
WARNING: Unable to find an exact match for CDP version 115, so returning the closest version found: 114
]]></system-err>
  </testcase>
  <testcase name="testSkillsTab" classname="com.example.webdriverTests.ResumeAcceptanceTests" time="0.46">
    <system-out><![CDATA[The name of the testcase passed is :testScrollToTheTop
[INFO ] 2023-08-02 11:46:02,476 com.example.webdriverTests.ResumeAcceptanceTests:31 - Get the browser preference from the TestConfig.properties 
[INFO ] 2023-08-02 11:46:02,477 com.example.testUtils.BaseTestNGWebDriver:77 - Browser preference: chrome
[INFO ] 2023-08-02 11:46:03,308 com.example.webdriverTests.ResumeAcceptanceTests:37 - Navigate to the Resume webpage
[INFO ] 2023-08-02 11:46:03,846 com.example.webdriverTests.ResumeAcceptanceTests:41 - Get the System/device/browser information along with date and time of automation run
[INFO ] 2023-08-02 11:46:03,846 com.example.testUtils.BaseTestNGWebDriver:50 - OS: windows, Browser: chrome Browser version 115.0.5790.110
[INFO ] 2023-08-02 11:46:03,846 com.example.testUtils.BaseTestNGWebDriver:53 - Device Type: Desktop/Laptop
[INFO ] 2023-08-02 11:46:03,846 com.example.testUtils.BaseTestNGWebDriver:63 - Date and Time of Run: 2023-08-02 11:46:03
testSkillsTab test case started
[INFO ] 2023-08-02 11:46:03,861 com.example.webdriverTests.ResumeAcceptanceTests:109 - This test will go to the skills tab, and verify that a target skill is present in the skill section.Target skill to be validated needs to be given in the properties file so it can be read.
]]></system-out>
    <system-err><![CDATA[Aug 02, 2023 11:46:02 AM org.openqa.selenium.remote.service.DriverService$Builder getLogOutput
INFO: Driver logs no longer sent to console by default; https://www.selenium.dev/documentation/webdriver/drivers/service/#setting-log-output
Aug 02, 2023 11:46:03 AM org.openqa.selenium.devtools.CdpVersionFinder findNearestMatch
WARNING: Unable to find an exact match for CDP version 115, so returning the closest version found: 114
]]></system-err>
  </testcase>
  <testcase name="testSubmitContactInformation" classname="com.example.webdriverTests.ResumeAcceptanceTests" time="25.186">
    <system-out><![CDATA[The name of the testcase passed is :testSkillsTab
[INFO ] 2023-08-02 11:46:04,444 com.example.webdriverTests.ResumeAcceptanceTests:31 - Get the browser preference from the TestConfig.properties 
[INFO ] 2023-08-02 11:46:04,445 com.example.testUtils.BaseTestNGWebDriver:77 - Browser preference: chrome
[INFO ] 2023-08-02 11:46:05,482 com.example.webdriverTests.ResumeAcceptanceTests:37 - Navigate to the Resume webpage
[INFO ] 2023-08-02 11:46:06,007 com.example.webdriverTests.ResumeAcceptanceTests:41 - Get the System/device/browser information along with date and time of automation run
[INFO ] 2023-08-02 11:46:06,008 com.example.testUtils.BaseTestNGWebDriver:50 - OS: windows, Browser: chrome Browser version 115.0.5790.110
[INFO ] 2023-08-02 11:46:06,008 com.example.testUtils.BaseTestNGWebDriver:53 - Device Type: Desktop/Laptop
[INFO ] 2023-08-02 11:46:06,008 com.example.testUtils.BaseTestNGWebDriver:63 - Date and Time of Run: 2023-08-02 11:46:06
testSubmitContactInformation test case started
[INFO ] 2023-08-02 11:46:06,129 com.example.webdriverTests.ResumeAcceptanceTests:162 - To submit contact name, email, message with invalid data(example. invalid email) and verifying that error checks are in place to prohibit submission of invalid entries.
Validation Passed: Error message is displayed on the page prompting user to input valid email address.
Error Message: Please include an '@' in the email address. 'jerrie1956com' is missing an '@'.
[INFO ] 2023-08-02 11:46:12,626 com.example.webdriverTests.ResumeAcceptanceTests:165 - Test scenario of submitting contactinfo which have required values. Verify error checks are in place to prohibit submission of form without contact name or contact email address.
Validation Passed: Error message is displayed on the page prompting user to input required fields.
Error Message: Please fill out this field.
[INFO ] 2023-08-02 11:46:17,887 com.example.webdriverTests.ResumeAcceptanceTests:168 - Test scenario of being able to submit contact form without a message field as message is not a required field.
[INFO ] 2023-08-02 11:46:24,356 com.example.webdriverTests.ResumeAcceptanceTests:171 - Test scenario of being able to submit contact form with long name, email and message body.
]]></system-out>
    <system-err><![CDATA[Aug 02, 2023 11:46:04 AM org.openqa.selenium.remote.service.DriverService$Builder getLogOutput
INFO: Driver logs no longer sent to console by default; https://www.selenium.dev/documentation/webdriver/drivers/service/#setting-log-output
Aug 02, 2023 11:46:05 AM org.openqa.selenium.devtools.CdpVersionFinder findNearestMatch
WARNING: Unable to find an exact match for CDP version 115, so returning the closest version found: 114
]]></system-err>
  </testcase>
  <testcase name="testSubmitMesasge" classname="com.example.webdriverTests.ResumeAcceptanceTests" time="4.218">
    <system-out><![CDATA[The name of the testcase passed is :testSubmitContactInformation
[INFO ] 2023-08-02 11:46:31,368 com.example.webdriverTests.ResumeAcceptanceTests:31 - Get the browser preference from the TestConfig.properties 
[INFO ] 2023-08-02 11:46:31,368 com.example.testUtils.BaseTestNGWebDriver:77 - Browser preference: chrome
[INFO ] 2023-08-02 11:46:32,483 com.example.webdriverTests.ResumeAcceptanceTests:37 - Navigate to the Resume webpage
[INFO ] 2023-08-02 11:46:33,095 com.example.webdriverTests.ResumeAcceptanceTests:41 - Get the System/device/browser information along with date and time of automation run
[INFO ] 2023-08-02 11:46:33,095 com.example.testUtils.BaseTestNGWebDriver:50 - OS: windows, Browser: chrome Browser version 115.0.5790.110
[INFO ] 2023-08-02 11:46:33,095 com.example.testUtils.BaseTestNGWebDriver:53 - Device Type: Desktop/Laptop
[INFO ] 2023-08-02 11:46:33,095 com.example.testUtils.BaseTestNGWebDriver:63 - Date and Time of Run: 2023-08-02 11:46:33
testSubmitMesasge test case started
[INFO ] 2023-08-02 11:46:33,095 com.example.webdriverTests.ResumeAcceptanceTests:127 - Verify if contact details and message from the user was submitted successully.The submitted contact information, is stored in a google sheet and this test will parse the information stored in the google sheet and validate if the name, email and message submitted equals the content in the google sheets
Failed to read credentials file. InputStream is null.
Verification Passed: Last row contains the expected user details.
]]></system-out>
    <system-err><![CDATA[Aug 02, 2023 11:46:31 AM org.openqa.selenium.remote.service.DriverService$Builder getLogOutput
INFO: Driver logs no longer sent to console by default; https://www.selenium.dev/documentation/webdriver/drivers/service/#setting-log-output
Aug 02, 2023 11:46:32 AM org.openqa.selenium.devtools.CdpVersionFinder findNearestMatch
WARNING: Unable to find an exact match for CDP version 115, so returning the closest version found: 114
]]></system-err>
  </testcase>
</testsuite>