<?xml version="1.0" encoding="UTF-8"?>
<testng-results ignored="6" total="7" passed="1" failed="0" skipped="0">
  <reporter-output>
  </reporter-output>
  <suite started-at="2023-08-02T02:02:11 EDT" name="Default suite" finished-at="2023-08-02T02:02:13 EDT" duration-ms="2621">
    <groups>
    </groups>
    <test started-at="2023-08-02T02:02:11 EDT" name="Default test" finished-at="2023-08-02T02:02:13 EDT" duration-ms="2621">
      <class name="com.example.webdriverTests.ResumeAcceptanceTests">
        <test-method is-config="true" signature="setUp()[pri:0, instance:com.example.webdriverTests.ResumeAcceptanceTests@464649c]" started-at="2023-08-02T02:02:11 EDT" name="setUp" finished-at="2023-08-02T02:02:11 EDT" duration-ms="16" status="PASS">
          <reporter-output>
          </reporter-output>
        </test-method> <!-- setUp -->
        <test-method is-config="true" signature="setUpBrowser()[pri:0, instance:com.example.webdriverTests.ResumeAcceptanceTests@464649c]" started-at="2023-08-02T02:02:11 EDT" name="setUpBrowser" finished-at="2023-08-02T02:02:13 EDT" duration-ms="2049" status="PASS">
          <reporter-output>
          </reporter-output>
        </test-method> <!-- setUpBrowser -->
        <test-method signature="testSkillsTab()[pri:0, instance:com.example.webdriverTests.ResumeAcceptanceTests@464649c]" started-at="2023-08-02T02:02:13 EDT" name="testSkillsTab" finished-at="2023-08-02T02:02:13 EDT" duration-ms="407" status="PASS">
          <reporter-output>
          </reporter-output>
        </test-method> <!-- testSkillsTab -->
        <test-method is-config="true" signature="tearDown()[pri:0, instance:com.example.webdriverTests.ResumeAcceptanceTests@464649c]" started-at="2023-08-02T02:02:13 EDT" name="tearDown" finished-at="2023-08-02T02:02:13 EDT" duration-ms="131" status="PASS">
          <reporter-output>
          </reporter-output>
        </test-method> <!-- tearDown -->
        <test-method is-config="true" signature="closeBrowser()[pri:0, instance:com.example.webdriverTests.ResumeAcceptanceTests@464649c]" started-at="2023-08-02T02:02:13 EDT" name="closeBrowser" finished-at="2023-08-02T02:02:13 EDT" duration-ms="0" status="PASS">
          <reporter-output>
          </reporter-output>
        </test-method> <!-- closeBrowser -->
      </class> <!-- com.example.webdriverTests.ResumeAcceptanceTests -->
    </test> <!-- Default test -->
  </suite> <!-- Default suite -->
</testng-results>
